<?xml version="1.0" encoding="UTF-8"?>
<!-- Generated by org.testng.reporters.JUnitXMLReporter -->
<testsuite ignored="0" hostname="DESKTOP-3LPEESD" failures="1" tests="2" name="Test" time="0.081" errors="0" timestamp="2023-01-21T17:02:40 IST">
  <testcase classname="com.actitime.testscript.ParallelSuite1" name="@AfterMethod closeBrowser" time="0.002">
    <failure type="java.lang.NullPointerException" message="Cannot invoke &amp;quot;org.openqa.selenium.WebDriver.close()&amp;quot; because &amp;quot;com.actitime.testscript.ParallelSuite1.driver&amp;quot; is null">
      <![CDATA[java.lang.NullPointerException: Cannot invoke "org.openqa.selenium.WebDriver.close()" because "com.actitime.testscript.ParallelSuite1.driver" is null
at com.actitime.testscript.ParallelSuite1.closeBrowser(ParallelSuite1.java:39)
at java.base/java.util.concurrent.ThreadPoolExecutor.runWorker(ThreadPoolExecutor.java:1136)
at java.base/java.util.concurrent.ThreadPoolExecutor$Worker.run(ThreadPoolExecutor.java:635)
at java.base/java.lang.Thread.run(Thread.java:833)
... Removed 15 stack frames]]>
    </failure>
  </testcase> <!-- @AfterMethod closeBrowser -->
  <testcase classname="com.actitime.testscript.ParallelSuite1" name="@AfterMethod closeBrowser" time="-1.674300760649E9">
    <skipped/>
  </testcase> <!-- @AfterMethod closeBrowser -->
  <testcase classname="com.actitime.testscript.ParallelSuite1" name="checkTitle" time="0.016">
    <failure type="java.lang.NullPointerException" message="Cannot invoke &amp;quot;org.openqa.selenium.WebDriver.get(String)&amp;quot; because &amp;quot;com.actitime.testscript.ParallelSuite1.driver&amp;quot; is null">
      <![CDATA[java.lang.NullPointerException: Cannot invoke "org.openqa.selenium.WebDriver.get(String)" because "com.actitime.testscript.ParallelSuite1.driver" is null
at com.actitime.testscript.ParallelSuite1.checkTitle(ParallelSuite1.java:18)
at java.base/java.util.concurrent.ThreadPoolExecutor.runWorker(ThreadPoolExecutor.java:1136)
at java.base/java.util.concurrent.ThreadPoolExecutor$Worker.run(ThreadPoolExecutor.java:635)
at java.base/java.lang.Thread.run(Thread.java:833)
... Removed 10 stack frames]]>
    </failure>
  </testcase> <!-- checkTitle -->
  <testcase classname="com.actitime.testscript.ParallelSuite1" name="printTitle" time="0.0">
    <skipped/>
  </testcase> <!-- printTitle -->
</testsuite> <!-- Test -->
