<?xml version="1.0" encoding="UTF-8"?>
<!-- Generated by org.testng.reporters.JUnitXMLReporter -->
<testsuite ignored="0" hostname="DESKTOP-3LPEESD" failures="0" tests="3" name="Test1" time="0.081" errors="0" timestamp="2023-01-21T20:13:44 IST">
  <testcase classname="com.actitime.testscript.ProjectModule" name="createProject" time="0.016"/>
  <testcase classname="com.actitime.testscript.ProjectModule" name="deleteProject" time="0.004"/>
  <testcase classname="com.actitime.testscript.ProjectModule" name="modifyProject" time="0.005"/>
</testsuite> <!-- Test1 -->
